\BOOKMARK [0][-]{chapter.1}{Einleitung}{}% 1
\BOOKMARK [0][-]{chapter.2}{Spielbeschrieb}{}% 2
\BOOKMARK [1][-]{section.2.1}{Der Wettbewerb}{chapter.2}% 3
\BOOKMARK [1][-]{section.2.2}{Spielregeln}{chapter.2}% 4
\BOOKMARK [1][-]{section.2.3}{Schnittstelle}{chapter.2}% 5
\BOOKMARK [0][-]{chapter.3}{Implementation}{}% 6
\BOOKMARK [1][-]{section.3.1}{Modell}{chapter.3}% 7
\BOOKMARK [2][-]{subsection.3.1.1}{State-Klassen}{section.3.1}% 8
\BOOKMARK [2][-]{subsection.3.1.2}{Spiel-Elemente \(Welt\)}{section.3.1}% 9
\BOOKMARK [2][-]{subsection.3.1.3}{Spiel-Elemente \(Suche\)}{section.3.1}% 10
\BOOKMARK [2][-]{subsection.3.1.4}{Tasks}{section.3.1}% 11
\BOOKMARK [2][-]{subsection.3.1.5}{Missionen}{section.3.1}% 12
\BOOKMARK [1][-]{section.3.2}{Bot}{chapter.3}% 13
\BOOKMARK [2][-]{subsection.3.2.1}{Ablauf eines Zugs}{section.3.2}% 14
\BOOKMARK [1][-]{section.3.3}{Pfadsuche}{chapter.3}% 15
\BOOKMARK [2][-]{subsection.3.3.1}{Simple Algorthmus}{section.3.3}% 16
\BOOKMARK [2][-]{subsection.3.3.2}{A* Algorthmus}{section.3.3}% 17
\BOOKMARK [2][-]{subsection.3.3.3}{HPA* Algorthmus}{section.3.3}% 18
\BOOKMARK [1][-]{section.3.4}{JavaScript Addon f\374r HMTL-Gameviewer}{chapter.3}% 19
\BOOKMARK [0][-]{chapter.4}{R\374ckblick}{}% 20
\BOOKMARK [1][-]{section.4.1}{Resultate}{chapter.4}% 21
\BOOKMARK [1][-]{section.4.2}{Herausforderungen}{chapter.4}% 22
\BOOKMARK [1][-]{section.4.3}{Ziele f\374r Bachelorarbeit}{chapter.4}% 23
\BOOKMARK [0][-]{appendix.A}{Spielanleitung}{}% 24
