\BOOKMARK [0][-]{chapter.1}{Allgemeines}{}% 1
\BOOKMARK [1][-]{section.1.1}{Zweck des Dokuments}{chapter.1}% 2
\BOOKMARK [1][-]{section.1.2}{Ausgangslage}{chapter.1}% 3
\BOOKMARK [1][-]{section.1.3}{Ziel des Moduls 7321 Bachelor Thesis}{chapter.1}% 4
\BOOKMARK [1][-]{section.1.4}{Aufgabenstellung}{chapter.1}% 5
\BOOKMARK [0][-]{chapter.2}{Ziele}{}% 6
\BOOKMARK [1][-]{section.2.1}{Funktionale Anforderungen}{chapter.2}% 7
\BOOKMARK [2][-]{subsection.2.1.1}{Musskriterien}{section.2.1}% 8
\BOOKMARK [2][-]{subsection.2.1.2}{Kannkriterien}{section.2.1}% 9
\BOOKMARK [1][-]{section.2.2}{Nicht funktionale Anforderungen}{chapter.2}% 10
\BOOKMARK [2][-]{subsection.2.2.1}{Musskriterien}{section.2.2}% 11
\BOOKMARK [2][-]{subsection.2.2.2}{Kannkriterien}{section.2.2}% 12
\BOOKMARK [1][-]{section.2.3}{Abgrenzungskriterien}{chapter.2}% 13
\BOOKMARK [0][-]{chapter.3}{Rahmenbedingungen}{}% 14
\BOOKMARK [1][-]{section.3.1}{Spielbeschrieb}{chapter.3}% 15
\BOOKMARK [2][-]{subsection.3.1.1}{Der Wettbewerb}{section.3.1}% 16
\BOOKMARK [2][-]{subsection.3.1.2}{Wettbewerbsteilnahme}{section.3.1}% 17
\BOOKMARK [2][-]{subsection.3.1.3}{Spielregeln}{section.3.1}% 18
\BOOKMARK [2][-]{subsection.3.1.4}{Schnittstelle}{section.3.1}% 19
\BOOKMARK [1][-]{section.3.2}{Verwendete Software}{chapter.3}% 20
\BOOKMARK [1][-]{section.3.3}{Verwendete Hardware}{chapter.3}% 21
\BOOKMARK [0][-]{chapter.4}{Projektorganisation}{}% 22
\BOOKMARK [1][-]{section.4.1}{Beteiligte Personen}{chapter.4}% 23
\BOOKMARK [1][-]{section.4.2}{Projektmeetings}{chapter.4}% 24
\BOOKMARK [1][-]{section.4.3}{Dokumentation}{chapter.4}% 25
\BOOKMARK [1][-]{section.4.4}{Abgabe}{chapter.4}% 26
\BOOKMARK [1][-]{section.4.5}{Zeitplan}{chapter.4}% 27
